14-Apr-2020 09:31:01.466 INFO [localhost-startStop-2] org.apache.catalina.core.ApplicationContext.log 1 Spring WebApplicationInitializers detected on classpath
14-Apr-2020 09:31:02.306 INFO [localhost-startStop-1] org.apache.catalina.core.ApplicationContext.log Marking servlet [Binary Store] as unavailable
14-Apr-2020 09:31:02.306 SEVERE [localhost-startStop-1] org.apache.catalina.core.StandardContext.loadOnStartup Servlet [Binary Store] in web application [/artifactory] threw load() exception
	java.lang.ClassNotFoundException: org.jfrog.storage.binstore.servlet.BinaryStoreServlet
		at org.apache.catalina.loader.WebappClassLoaderBase.loadClass(WebappClassLoaderBase.java:1358)
		at org.apache.catalina.loader.WebappClassLoaderBase.loadClass(WebappClassLoaderBase.java:1180)
		at org.apache.catalina.core.DefaultInstanceManager.loadClass(DefaultInstanceManager.java:546)
		at org.apache.catalina.core.DefaultInstanceManager.loadClassMaybePrivileged(DefaultInstanceManager.java:527)
		at org.apache.catalina.core.DefaultInstanceManager.newInstance(DefaultInstanceManager.java:150)
		at org.apache.catalina.core.StandardWrapper.loadServlet(StandardWrapper.java:1044)
		at org.apache.catalina.core.StandardWrapper.load(StandardWrapper.java:985)
		at org.apache.catalina.core.StandardContext.loadOnStartup(StandardContext.java:4885)
		at org.apache.catalina.core.StandardContext.startInternal(StandardContext.java:5199)
		at org.apache.catalina.util.LifecycleBase.start(LifecycleBase.java:183)
		at org.apache.catalina.core.ContainerBase.addChildInternal(ContainerBase.java:743)
		at org.apache.catalina.core.ContainerBase.addChild(ContainerBase.java:719)
		at org.apache.catalina.core.StandardHost.addChild(StandardHost.java:705)
		at org.apache.catalina.startup.HostConfig.deployDescriptor(HostConfig.java:614)
		at org.apache.catalina.startup.HostConfig$DeployDescriptor.run(HostConfig.java:1823)
		at java.base/java.util.concurrent.Executors$RunnableAdapter.call(Executors.java:515)
		at java.base/java.util.concurrent.FutureTask.run(FutureTask.java:264)
		at java.base/java.util.concurrent.ThreadPoolExecutor.runWorker(ThreadPoolExecutor.java:1128)
		at java.base/java.util.concurrent.ThreadPoolExecutor$Worker.run(ThreadPoolExecutor.java:628)
		at java.base/java.lang.Thread.run(Thread.java:834)
14-Apr-2020 09:31:04.016 INFO [localhost-startStop-2] org.apache.catalina.core.ApplicationContext.log Initializing Spring embedded WebApplicationContext
14-Apr-2020 09:50:04.962 INFO [localhost-startStop-3] org.apache.catalina.core.ApplicationContext.log Closing Spring root WebApplicationContext
14-Apr-2020 09:51:31.709 INFO [localhost-startStop-2] org.apache.catalina.core.ApplicationContext.log 1 Spring WebApplicationInitializers detected on classpath
14-Apr-2020 09:51:32.707 INFO [localhost-startStop-1] org.apache.catalina.core.ApplicationContext.log Marking servlet [Binary Store] as unavailable
14-Apr-2020 09:51:32.708 SEVERE [localhost-startStop-1] org.apache.catalina.core.StandardContext.loadOnStartup Servlet [Binary Store] in web application [/artifactory] threw load() exception
	java.lang.ClassNotFoundException: org.jfrog.storage.binstore.servlet.BinaryStoreServlet
		at org.apache.catalina.loader.WebappClassLoaderBase.loadClass(WebappClassLoaderBase.java:1358)
		at org.apache.catalina.loader.WebappClassLoaderBase.loadClass(WebappClassLoaderBase.java:1180)
		at org.apache.catalina.core.DefaultInstanceManager.loadClass(DefaultInstanceManager.java:546)
		at org.apache.catalina.core.DefaultInstanceManager.loadClassMaybePrivileged(DefaultInstanceManager.java:527)
		at org.apache.catalina.core.DefaultInstanceManager.newInstance(DefaultInstanceManager.java:150)
		at org.apache.catalina.core.StandardWrapper.loadServlet(StandardWrapper.java:1044)
		at org.apache.catalina.core.StandardWrapper.load(StandardWrapper.java:985)
		at org.apache.catalina.core.StandardContext.loadOnStartup(StandardContext.java:4885)
		at org.apache.catalina.core.StandardContext.startInternal(StandardContext.java:5199)
		at org.apache.catalina.util.LifecycleBase.start(LifecycleBase.java:183)
		at org.apache.catalina.core.ContainerBase.addChildInternal(ContainerBase.java:743)
		at org.apache.catalina.core.ContainerBase.addChild(ContainerBase.java:719)
		at org.apache.catalina.core.StandardHost.addChild(StandardHost.java:705)
		at org.apache.catalina.startup.HostConfig.deployDescriptor(HostConfig.java:614)
		at org.apache.catalina.startup.HostConfig$DeployDescriptor.run(HostConfig.java:1823)
		at java.base/java.util.concurrent.Executors$RunnableAdapter.call(Executors.java:515)
		at java.base/java.util.concurrent.FutureTask.run(FutureTask.java:264)
		at java.base/java.util.concurrent.ThreadPoolExecutor.runWorker(ThreadPoolExecutor.java:1128)
		at java.base/java.util.concurrent.ThreadPoolExecutor$Worker.run(ThreadPoolExecutor.java:628)
		at java.base/java.lang.Thread.run(Thread.java:834)
14-Apr-2020 09:51:34.016 INFO [localhost-startStop-2] org.apache.catalina.core.ApplicationContext.log Initializing Spring embedded WebApplicationContext
14-Apr-2020 10:32:57.028 INFO [localhost-startStop-3] org.apache.catalina.core.ApplicationContext.log Closing Spring root WebApplicationContext
14-Apr-2020 10:51:57.222 INFO [localhost-startStop-2] org.apache.catalina.core.ApplicationContext.log 1 Spring WebApplicationInitializers detected on classpath
14-Apr-2020 10:51:58.171 INFO [localhost-startStop-1] org.apache.catalina.core.ApplicationContext.log Marking servlet [Binary Store] as unavailable
14-Apr-2020 10:51:58.172 SEVERE [localhost-startStop-1] org.apache.catalina.core.StandardContext.loadOnStartup Servlet [Binary Store] in web application [/artifactory] threw load() exception
	java.lang.ClassNotFoundException: org.jfrog.storage.binstore.servlet.BinaryStoreServlet
		at org.apache.catalina.loader.WebappClassLoaderBase.loadClass(WebappClassLoaderBase.java:1358)
		at org.apache.catalina.loader.WebappClassLoaderBase.loadClass(WebappClassLoaderBase.java:1180)
		at org.apache.catalina.core.DefaultInstanceManager.loadClass(DefaultInstanceManager.java:546)
		at org.apache.catalina.core.DefaultInstanceManager.loadClassMaybePrivileged(DefaultInstanceManager.java:527)
		at org.apache.catalina.core.DefaultInstanceManager.newInstance(DefaultInstanceManager.java:150)
		at org.apache.catalina.core.StandardWrapper.loadServlet(StandardWrapper.java:1044)
		at org.apache.catalina.core.StandardWrapper.load(StandardWrapper.java:985)
		at org.apache.catalina.core.StandardContext.loadOnStartup(StandardContext.java:4885)
		at org.apache.catalina.core.StandardContext.startInternal(StandardContext.java:5199)
		at org.apache.catalina.util.LifecycleBase.start(LifecycleBase.java:183)
		at org.apache.catalina.core.ContainerBase.addChildInternal(ContainerBase.java:743)
		at org.apache.catalina.core.ContainerBase.addChild(ContainerBase.java:719)
		at org.apache.catalina.core.StandardHost.addChild(StandardHost.java:705)
		at org.apache.catalina.startup.HostConfig.deployDescriptor(HostConfig.java:614)
		at org.apache.catalina.startup.HostConfig$DeployDescriptor.run(HostConfig.java:1823)
		at java.base/java.util.concurrent.Executors$RunnableAdapter.call(Executors.java:515)
		at java.base/java.util.concurrent.FutureTask.run(FutureTask.java:264)
		at java.base/java.util.concurrent.ThreadPoolExecutor.runWorker(ThreadPoolExecutor.java:1128)
		at java.base/java.util.concurrent.ThreadPoolExecutor$Worker.run(ThreadPoolExecutor.java:628)
		at java.base/java.lang.Thread.run(Thread.java:834)
14-Apr-2020 10:51:59.567 INFO [localhost-startStop-2] org.apache.catalina.core.ApplicationContext.log Initializing Spring embedded WebApplicationContext
14-Apr-2020 10:52:14.917 INFO [localhost-startStop-3] org.apache.catalina.core.ApplicationContext.log Closing Spring root WebApplicationContext
14-Apr-2020 10:53:00.746 INFO [localhost-startStop-2] org.apache.catalina.core.ApplicationContext.log 1 Spring WebApplicationInitializers detected on classpath
14-Apr-2020 10:53:01.733 INFO [localhost-startStop-1] org.apache.catalina.core.ApplicationContext.log Marking servlet [Binary Store] as unavailable
14-Apr-2020 10:53:01.734 SEVERE [localhost-startStop-1] org.apache.catalina.core.StandardContext.loadOnStartup Servlet [Binary Store] in web application [/artifactory] threw load() exception
	java.lang.ClassNotFoundException: org.jfrog.storage.binstore.servlet.BinaryStoreServlet
		at org.apache.catalina.loader.WebappClassLoaderBase.loadClass(WebappClassLoaderBase.java:1358)
		at org.apache.catalina.loader.WebappClassLoaderBase.loadClass(WebappClassLoaderBase.java:1180)
		at org.apache.catalina.core.DefaultInstanceManager.loadClass(DefaultInstanceManager.java:546)
		at org.apache.catalina.core.DefaultInstanceManager.loadClassMaybePrivileged(DefaultInstanceManager.java:527)
		at org.apache.catalina.core.DefaultInstanceManager.newInstance(DefaultInstanceManager.java:150)
		at org.apache.catalina.core.StandardWrapper.loadServlet(StandardWrapper.java:1044)
		at org.apache.catalina.core.StandardWrapper.load(StandardWrapper.java:985)
		at org.apache.catalina.core.StandardContext.loadOnStartup(StandardContext.java:4885)
		at org.apache.catalina.core.StandardContext.startInternal(StandardContext.java:5199)
		at org.apache.catalina.util.LifecycleBase.start(LifecycleBase.java:183)
		at org.apache.catalina.core.ContainerBase.addChildInternal(ContainerBase.java:743)
		at org.apache.catalina.core.ContainerBase.addChild(ContainerBase.java:719)
		at org.apache.catalina.core.StandardHost.addChild(StandardHost.java:705)
		at org.apache.catalina.startup.HostConfig.deployDescriptor(HostConfig.java:614)
		at org.apache.catalina.startup.HostConfig$DeployDescriptor.run(HostConfig.java:1823)
		at java.base/java.util.concurrent.Executors$RunnableAdapter.call(Executors.java:515)
		at java.base/java.util.concurrent.FutureTask.run(FutureTask.java:264)
		at java.base/java.util.concurrent.ThreadPoolExecutor.runWorker(ThreadPoolExecutor.java:1128)
		at java.base/java.util.concurrent.ThreadPoolExecutor$Worker.run(ThreadPoolExecutor.java:628)
		at java.base/java.lang.Thread.run(Thread.java:834)
14-Apr-2020 10:53:03.079 INFO [localhost-startStop-2] org.apache.catalina.core.ApplicationContext.log Initializing Spring embedded WebApplicationContext
14-Apr-2020 11:05:33.972 INFO [localhost-startStop-3] org.apache.catalina.core.ApplicationContext.log Closing Spring root WebApplicationContext
14-Apr-2020 11:22:28.995 INFO [localhost-startStop-2] org.apache.catalina.core.ApplicationContext.log 1 Spring WebApplicationInitializers detected on classpath
14-Apr-2020 11:22:29.965 INFO [localhost-startStop-1] org.apache.catalina.core.ApplicationContext.log Marking servlet [Binary Store] as unavailable
14-Apr-2020 11:22:29.966 SEVERE [localhost-startStop-1] org.apache.catalina.core.StandardContext.loadOnStartup Servlet [Binary Store] in web application [/artifactory] threw load() exception
	java.lang.ClassNotFoundException: org.jfrog.storage.binstore.servlet.BinaryStoreServlet
		at org.apache.catalina.loader.WebappClassLoaderBase.loadClass(WebappClassLoaderBase.java:1358)
		at org.apache.catalina.loader.WebappClassLoaderBase.loadClass(WebappClassLoaderBase.java:1180)
		at org.apache.catalina.core.DefaultInstanceManager.loadClass(DefaultInstanceManager.java:546)
		at org.apache.catalina.core.DefaultInstanceManager.loadClassMaybePrivileged(DefaultInstanceManager.java:527)
		at org.apache.catalina.core.DefaultInstanceManager.newInstance(DefaultInstanceManager.java:150)
		at org.apache.catalina.core.StandardWrapper.loadServlet(StandardWrapper.java:1044)
		at org.apache.catalina.core.StandardWrapper.load(StandardWrapper.java:985)
		at org.apache.catalina.core.StandardContext.loadOnStartup(StandardContext.java:4885)
		at org.apache.catalina.core.StandardContext.startInternal(StandardContext.java:5199)
		at org.apache.catalina.util.LifecycleBase.start(LifecycleBase.java:183)
		at org.apache.catalina.core.ContainerBase.addChildInternal(ContainerBase.java:743)
		at org.apache.catalina.core.ContainerBase.addChild(ContainerBase.java:719)
		at org.apache.catalina.core.StandardHost.addChild(StandardHost.java:705)
		at org.apache.catalina.startup.HostConfig.deployDescriptor(HostConfig.java:614)
		at org.apache.catalina.startup.HostConfig$DeployDescriptor.run(HostConfig.java:1823)
		at java.base/java.util.concurrent.Executors$RunnableAdapter.call(Executors.java:515)
		at java.base/java.util.concurrent.FutureTask.run(FutureTask.java:264)
		at java.base/java.util.concurrent.ThreadPoolExecutor.runWorker(ThreadPoolExecutor.java:1128)
		at java.base/java.util.concurrent.ThreadPoolExecutor$Worker.run(ThreadPoolExecutor.java:628)
		at java.base/java.lang.Thread.run(Thread.java:834)
14-Apr-2020 11:22:31.344 INFO [localhost-startStop-2] org.apache.catalina.core.ApplicationContext.log Initializing Spring embedded WebApplicationContext
14-Apr-2020 11:28:10.139 INFO [localhost-startStop-3] org.apache.catalina.core.ApplicationContext.log Closing Spring root WebApplicationContext
14-Apr-2020 11:30:50.992 INFO [localhost-startStop-2] org.apache.catalina.core.ApplicationContext.log 1 Spring WebApplicationInitializers detected on classpath
14-Apr-2020 11:30:51.879 INFO [localhost-startStop-1] org.apache.catalina.core.ApplicationContext.log Marking servlet [Binary Store] as unavailable
14-Apr-2020 11:30:51.879 SEVERE [localhost-startStop-1] org.apache.catalina.core.StandardContext.loadOnStartup Servlet [Binary Store] in web application [/artifactory] threw load() exception
	java.lang.ClassNotFoundException: org.jfrog.storage.binstore.servlet.BinaryStoreServlet
		at org.apache.catalina.loader.WebappClassLoaderBase.loadClass(WebappClassLoaderBase.java:1358)
		at org.apache.catalina.loader.WebappClassLoaderBase.loadClass(WebappClassLoaderBase.java:1180)
		at org.apache.catalina.core.DefaultInstanceManager.loadClass(DefaultInstanceManager.java:546)
		at org.apache.catalina.core.DefaultInstanceManager.loadClassMaybePrivileged(DefaultInstanceManager.java:527)
		at org.apache.catalina.core.DefaultInstanceManager.newInstance(DefaultInstanceManager.java:150)
		at org.apache.catalina.core.StandardWrapper.loadServlet(StandardWrapper.java:1044)
		at org.apache.catalina.core.StandardWrapper.load(StandardWrapper.java:985)
		at org.apache.catalina.core.StandardContext.loadOnStartup(StandardContext.java:4885)
		at org.apache.catalina.core.StandardContext.startInternal(StandardContext.java:5199)
		at org.apache.catalina.util.LifecycleBase.start(LifecycleBase.java:183)
		at org.apache.catalina.core.ContainerBase.addChildInternal(ContainerBase.java:743)
		at org.apache.catalina.core.ContainerBase.addChild(ContainerBase.java:719)
		at org.apache.catalina.core.StandardHost.addChild(StandardHost.java:705)
		at org.apache.catalina.startup.HostConfig.deployDescriptor(HostConfig.java:614)
		at org.apache.catalina.startup.HostConfig$DeployDescriptor.run(HostConfig.java:1823)
		at java.base/java.util.concurrent.Executors$RunnableAdapter.call(Executors.java:515)
		at java.base/java.util.concurrent.FutureTask.run(FutureTask.java:264)
		at java.base/java.util.concurrent.ThreadPoolExecutor.runWorker(ThreadPoolExecutor.java:1128)
		at java.base/java.util.concurrent.ThreadPoolExecutor$Worker.run(ThreadPoolExecutor.java:628)
		at java.base/java.lang.Thread.run(Thread.java:834)
14-Apr-2020 11:30:53.246 INFO [localhost-startStop-2] org.apache.catalina.core.ApplicationContext.log Initializing Spring embedded WebApplicationContext
14-Apr-2020 11:39:22.998 INFO [localhost-startStop-3] org.apache.catalina.core.ApplicationContext.log Closing Spring root WebApplicationContext
14-Apr-2020 11:40:03.832 INFO [localhost-startStop-2] org.apache.catalina.core.ApplicationContext.log 1 Spring WebApplicationInitializers detected on classpath
14-Apr-2020 11:40:04.655 INFO [localhost-startStop-1] org.apache.catalina.core.ApplicationContext.log Marking servlet [Binary Store] as unavailable
14-Apr-2020 11:40:04.656 SEVERE [localhost-startStop-1] org.apache.catalina.core.StandardContext.loadOnStartup Servlet [Binary Store] in web application [/artifactory] threw load() exception
	java.lang.ClassNotFoundException: org.jfrog.storage.binstore.servlet.BinaryStoreServlet
		at org.apache.catalina.loader.WebappClassLoaderBase.loadClass(WebappClassLoaderBase.java:1358)
		at org.apache.catalina.loader.WebappClassLoaderBase.loadClass(WebappClassLoaderBase.java:1180)
		at org.apache.catalina.core.DefaultInstanceManager.loadClass(DefaultInstanceManager.java:546)
		at org.apache.catalina.core.DefaultInstanceManager.loadClassMaybePrivileged(DefaultInstanceManager.java:527)
		at org.apache.catalina.core.DefaultInstanceManager.newInstance(DefaultInstanceManager.java:150)
		at org.apache.catalina.core.StandardWrapper.loadServlet(StandardWrapper.java:1044)
		at org.apache.catalina.core.StandardWrapper.load(StandardWrapper.java:985)
		at org.apache.catalina.core.StandardContext.loadOnStartup(StandardContext.java:4885)
		at org.apache.catalina.core.StandardContext.startInternal(StandardContext.java:5199)
		at org.apache.catalina.util.LifecycleBase.start(LifecycleBase.java:183)
		at org.apache.catalina.core.ContainerBase.addChildInternal(ContainerBase.java:743)
		at org.apache.catalina.core.ContainerBase.addChild(ContainerBase.java:719)
		at org.apache.catalina.core.StandardHost.addChild(StandardHost.java:705)
		at org.apache.catalina.startup.HostConfig.deployDescriptor(HostConfig.java:614)
		at org.apache.catalina.startup.HostConfig$DeployDescriptor.run(HostConfig.java:1823)
		at java.base/java.util.concurrent.Executors$RunnableAdapter.call(Executors.java:515)
		at java.base/java.util.concurrent.FutureTask.run(FutureTask.java:264)
		at java.base/java.util.concurrent.ThreadPoolExecutor.runWorker(ThreadPoolExecutor.java:1128)
		at java.base/java.util.concurrent.ThreadPoolExecutor$Worker.run(ThreadPoolExecutor.java:628)
		at java.base/java.lang.Thread.run(Thread.java:834)
14-Apr-2020 11:40:06.493 INFO [localhost-startStop-2] org.apache.catalina.core.ApplicationContext.log Initializing Spring embedded WebApplicationContext
14-Apr-2020 11:41:34.437 INFO [localhost-startStop-3] org.apache.catalina.core.ApplicationContext.log Closing Spring root WebApplicationContext
14-Apr-2020 11:42:19.984 INFO [localhost-startStop-2] org.apache.catalina.core.ApplicationContext.log 1 Spring WebApplicationInitializers detected on classpath
14-Apr-2020 11:42:20.965 INFO [localhost-startStop-1] org.apache.catalina.core.ApplicationContext.log Marking servlet [Binary Store] as unavailable
14-Apr-2020 11:42:20.966 SEVERE [localhost-startStop-1] org.apache.catalina.core.StandardContext.loadOnStartup Servlet [Binary Store] in web application [/artifactory] threw load() exception
	java.lang.ClassNotFoundException: org.jfrog.storage.binstore.servlet.BinaryStoreServlet
		at org.apache.catalina.loader.WebappClassLoaderBase.loadClass(WebappClassLoaderBase.java:1358)
		at org.apache.catalina.loader.WebappClassLoaderBase.loadClass(WebappClassLoaderBase.java:1180)
		at org.apache.catalina.core.DefaultInstanceManager.loadClass(DefaultInstanceManager.java:546)
		at org.apache.catalina.core.DefaultInstanceManager.loadClassMaybePrivileged(DefaultInstanceManager.java:527)
		at org.apache.catalina.core.DefaultInstanceManager.newInstance(DefaultInstanceManager.java:150)
		at org.apache.catalina.core.StandardWrapper.loadServlet(StandardWrapper.java:1044)
		at org.apache.catalina.core.StandardWrapper.load(StandardWrapper.java:985)
		at org.apache.catalina.core.StandardContext.loadOnStartup(StandardContext.java:4885)
		at org.apache.catalina.core.StandardContext.startInternal(StandardContext.java:5199)
		at org.apache.catalina.util.LifecycleBase.start(LifecycleBase.java:183)
		at org.apache.catalina.core.ContainerBase.addChildInternal(ContainerBase.java:743)
		at org.apache.catalina.core.ContainerBase.addChild(ContainerBase.java:719)
		at org.apache.catalina.core.StandardHost.addChild(StandardHost.java:705)
		at org.apache.catalina.startup.HostConfig.deployDescriptor(HostConfig.java:614)
		at org.apache.catalina.startup.HostConfig$DeployDescriptor.run(HostConfig.java:1823)
		at java.base/java.util.concurrent.Executors$RunnableAdapter.call(Executors.java:515)
		at java.base/java.util.concurrent.FutureTask.run(FutureTask.java:264)
		at java.base/java.util.concurrent.ThreadPoolExecutor.runWorker(ThreadPoolExecutor.java:1128)
		at java.base/java.util.concurrent.ThreadPoolExecutor$Worker.run(ThreadPoolExecutor.java:628)
		at java.base/java.lang.Thread.run(Thread.java:834)
14-Apr-2020 11:42:22.718 INFO [localhost-startStop-2] org.apache.catalina.core.ApplicationContext.log Initializing Spring embedded WebApplicationContext
14-Apr-2020 19:05:18.745 INFO [localhost-startStop-2] org.apache.catalina.core.ApplicationContext.log 1 Spring WebApplicationInitializers detected on classpath
14-Apr-2020 19:05:19.748 INFO [localhost-startStop-1] org.apache.catalina.core.ApplicationContext.log Marking servlet [Binary Store] as unavailable
14-Apr-2020 19:05:19.748 SEVERE [localhost-startStop-1] org.apache.catalina.core.StandardContext.loadOnStartup Servlet [Binary Store] in web application [/artifactory] threw load() exception
	java.lang.ClassNotFoundException: org.jfrog.storage.binstore.servlet.BinaryStoreServlet
		at org.apache.catalina.loader.WebappClassLoaderBase.loadClass(WebappClassLoaderBase.java:1358)
		at org.apache.catalina.loader.WebappClassLoaderBase.loadClass(WebappClassLoaderBase.java:1180)
		at org.apache.catalina.core.DefaultInstanceManager.loadClass(DefaultInstanceManager.java:546)
		at org.apache.catalina.core.DefaultInstanceManager.loadClassMaybePrivileged(DefaultInstanceManager.java:527)
		at org.apache.catalina.core.DefaultInstanceManager.newInstance(DefaultInstanceManager.java:150)
		at org.apache.catalina.core.StandardWrapper.loadServlet(StandardWrapper.java:1044)
		at org.apache.catalina.core.StandardWrapper.load(StandardWrapper.java:985)
		at org.apache.catalina.core.StandardContext.loadOnStartup(StandardContext.java:4885)
		at org.apache.catalina.core.StandardContext.startInternal(StandardContext.java:5199)
		at org.apache.catalina.util.LifecycleBase.start(LifecycleBase.java:183)
		at org.apache.catalina.core.ContainerBase.addChildInternal(ContainerBase.java:743)
		at org.apache.catalina.core.ContainerBase.addChild(ContainerBase.java:719)
		at org.apache.catalina.core.StandardHost.addChild(StandardHost.java:705)
		at org.apache.catalina.startup.HostConfig.deployDescriptor(HostConfig.java:614)
		at org.apache.catalina.startup.HostConfig$DeployDescriptor.run(HostConfig.java:1823)
		at java.base/java.util.concurrent.Executors$RunnableAdapter.call(Executors.java:515)
		at java.base/java.util.concurrent.FutureTask.run(FutureTask.java:264)
		at java.base/java.util.concurrent.ThreadPoolExecutor.runWorker(ThreadPoolExecutor.java:1128)
		at java.base/java.util.concurrent.ThreadPoolExecutor$Worker.run(ThreadPoolExecutor.java:628)
		at java.base/java.lang.Thread.run(Thread.java:834)
14-Apr-2020 19:05:21.599 INFO [localhost-startStop-2] org.apache.catalina.core.ApplicationContext.log Initializing Spring embedded WebApplicationContext
14-Apr-2020 20:31:32.200 INFO [localhost-startStop-3] org.apache.catalina.core.ApplicationContext.log Closing Spring root WebApplicationContext
14-Apr-2020 20:32:38.576 INFO [localhost-startStop-2] org.apache.catalina.core.ApplicationContext.log 1 Spring WebApplicationInitializers detected on classpath
14-Apr-2020 20:32:39.572 INFO [localhost-startStop-1] org.apache.catalina.core.ApplicationContext.log Marking servlet [Binary Store] as unavailable
14-Apr-2020 20:32:39.573 SEVERE [localhost-startStop-1] org.apache.catalina.core.StandardContext.loadOnStartup Servlet [Binary Store] in web application [/artifactory] threw load() exception
	java.lang.ClassNotFoundException: org.jfrog.storage.binstore.servlet.BinaryStoreServlet
		at org.apache.catalina.loader.WebappClassLoaderBase.loadClass(WebappClassLoaderBase.java:1358)
		at org.apache.catalina.loader.WebappClassLoaderBase.loadClass(WebappClassLoaderBase.java:1180)
		at org.apache.catalina.core.DefaultInstanceManager.loadClass(DefaultInstanceManager.java:546)
		at org.apache.catalina.core.DefaultInstanceManager.loadClassMaybePrivileged(DefaultInstanceManager.java:527)
		at org.apache.catalina.core.DefaultInstanceManager.newInstance(DefaultInstanceManager.java:150)
		at org.apache.catalina.core.StandardWrapper.loadServlet(StandardWrapper.java:1044)
		at org.apache.catalina.core.StandardWrapper.load(StandardWrapper.java:985)
		at org.apache.catalina.core.StandardContext.loadOnStartup(StandardContext.java:4885)
		at org.apache.catalina.core.StandardContext.startInternal(StandardContext.java:5199)
		at org.apache.catalina.util.LifecycleBase.start(LifecycleBase.java:183)
		at org.apache.catalina.core.ContainerBase.addChildInternal(ContainerBase.java:743)
		at org.apache.catalina.core.ContainerBase.addChild(ContainerBase.java:719)
		at org.apache.catalina.core.StandardHost.addChild(StandardHost.java:705)
		at org.apache.catalina.startup.HostConfig.deployDescriptor(HostConfig.java:614)
		at org.apache.catalina.startup.HostConfig$DeployDescriptor.run(HostConfig.java:1823)
		at java.base/java.util.concurrent.Executors$RunnableAdapter.call(Executors.java:515)
		at java.base/java.util.concurrent.FutureTask.run(FutureTask.java:264)
		at java.base/java.util.concurrent.ThreadPoolExecutor.runWorker(ThreadPoolExecutor.java:1128)
		at java.base/java.util.concurrent.ThreadPoolExecutor$Worker.run(ThreadPoolExecutor.java:628)
		at java.base/java.lang.Thread.run(Thread.java:834)
14-Apr-2020 20:32:40.997 INFO [localhost-startStop-2] org.apache.catalina.core.ApplicationContext.log Initializing Spring embedded WebApplicationContext
